<?xml version="1.0" encoding="UTF-8"?>
<!-- Generated by org.testng.reporters.JUnitXMLReporter -->
<testsuite hostname="Reshma.local" ignored="0" name="Default test" tests="11" failures="0" timestamp="07 Jul 2019 21:01:48 GMT" time="5.046" errors="0">
  <testcase name="getListOfPokemonbyType" time="0.503" classname="service.testing.pokeApi.FetchPokemonTypeByNumber"/>
  <testcase name="validateResponse" time="0.159" classname="service.testing.pokeApi.FetchPokemonTypeByNumber"/>
  <testcase name="methodOne" time="0.001" classname="learn.test.one.ClassOne"/>
  <testcase name="methodTwo" time="0.001" classname="learn.test.one.ClassOne"/>
  <testcase name="validatePokemonHasAbility" time="1.003" classname="service.testing.pokeApi.FetchPokemonAbilityByNumber"/>
  <testcase name="fetchPokemonByName" time="0.148" classname="service.testing.pokeApi.FetchPokemonByName"/>
  <testcase name="validatePokemonViaNumber" time="0.397" classname="service.testing.pokeApi.FetchPokemonByName"/>
  <testcase name="fetchPokemonByNumber" time="0.186" classname="service.testing.pokeApi.FetchPokemonByNumber"/>
  <testcase name="validatePokemonViaName" time="0.367" classname="service.testing.pokeApi.FetchPokemonByNumber"/>
  <testcase name="methodOne" time="0.001" classname="learn.test.one.ClassTwo"/>
  <testcase name="methodOne" time="0.001" classname="learn.test.two.ClassOne"/>
</testsuite> <!-- Default test -->
