<?xml version="1.0" encoding="UTF-8"?>
<!-- Generated by org.testng.reporters.JUnitXMLReporter -->
<testsuite hostname="Reshma.local" ignored="1" name="Test" tests="6" failures="0" timestamp="08 Jul 2019 01:58:24 GMT" time="5.433" errors="0">
  <testcase name="getListOfPokemonbyType" time="1.463" classname="service.testing.pokeApi.FetchPokemonTypeByNumber"/>
  <testcase name="validateResponse" time="0.131" classname="service.testing.pokeApi.FetchPokemonTypeByNumber"/>
  <testcase name="validatePokemonHasAbility" time="1.298" classname="service.testing.pokeApi.FetchPokemonAbilityByNumber"/>
  <testcase name="validatePokemonViaName" time="2.053" classname="service.testing.pokeApi.FetchPokemonByNumber"/>
  <testcase name="fetchPokemonByName" time="0.135" classname="service.testing.pokeApi.FetchPokemonByName"/>
  <testcase name="validatePokemonViaNumber" time="0.326" classname="service.testing.pokeApi.FetchPokemonByName"/>
  <testcase name="fetchPokemonByNumber" time="0.0" classname="service.testing.pokeApi.FetchPokemonByNumber">
    <ignored/>
  </testcase> <!-- fetchPokemonByNumber -->
</testsuite> <!-- Test -->
