<?xml version="1.0" encoding="UTF-8"?>
<!-- Generated by org.testng.reporters.JUnitXMLReporter -->
<testsuite hostname="Reshma.local" ignored="1" name="Test" tests="6" failures="0" timestamp="08 Jul 2019 00:32:09 GMT" time="5.305" errors="0">
  <testcase name="getListOfPokemonbyType" time="1.899" classname="service.testing.pokeApi.FetchPokemonTypeByNumber"/>
  <testcase name="validateResponse" time="0.171" classname="service.testing.pokeApi.FetchPokemonTypeByNumber"/>
  <testcase name="validatePokemonHasAbility" time="1.491" classname="service.testing.pokeApi.FetchPokemonAbilityByNumber"/>
  <testcase name="validatePokemonViaName" time="1.228" classname="service.testing.pokeApi.FetchPokemonByNumber"/>
  <testcase name="fetchPokemonByName" time="0.133" classname="service.testing.pokeApi.FetchPokemonByName"/>
  <testcase name="validatePokemonViaNumber" time="0.361" classname="service.testing.pokeApi.FetchPokemonByName"/>
  <testcase name="fetchPokemonByNumber" time="0.0" classname="service.testing.pokeApi.FetchPokemonByNumber">
    <ignored/>
  </testcase> <!-- fetchPokemonByNumber -->
</testsuite> <!-- Test -->
