<?xml version="1.0" encoding="UTF-8"?>
<!-- Generated by org.testng.reporters.JUnitXMLReporter -->
<testsuite hostname="Reshma.local" ignored="0" name="Test" tests="7" failures="0" timestamp="07 Jul 2019 21:04:17 GMT" time="4.455" errors="0">
  <testcase name="getListOfPokemonbyType" time="0.679" classname="service.testing.pokeApi.FetchPokemonTypeByNumber"/>
  <testcase name="validateResponse" time="0.164" classname="service.testing.pokeApi.FetchPokemonTypeByNumber"/>
  <testcase name="validatePokemonHasAbility" time="0.717" classname="service.testing.pokeApi.FetchPokemonAbilityByNumber"/>
  <testcase name="fetchPokemonByNumber" time="0.205" classname="service.testing.pokeApi.FetchPokemonByNumber"/>
  <testcase name="validatePokemonViaName" time="0.385" classname="service.testing.pokeApi.FetchPokemonByNumber"/>
  <testcase name="fetchPokemonByName" time="0.14" classname="service.testing.pokeApi.FetchPokemonByName"/>
  <testcase name="validatePokemonViaNumber" time="0.356" classname="service.testing.pokeApi.FetchPokemonByName"/>
</testsuite> <!-- Test -->
